#
# There is insufficient memory for the Java Runtime Environment to continue.
# Native memory allocation (mmap) failed to map 264241152 bytes. Error detail: G1 virtual space
# Possible reasons:
#   The system is out of physical RAM or swap space
#   This process is running with CompressedOops enabled, and the Java Heap may be blocking the growth of the native heap
# Possible solutions:
#   Reduce memory load on the system
#   Increase physical memory or swap space
#   Check if swap backing store is full
#   Decrease Java heap size (-Xmx/-Xms)
#   Decrease number of Java threads
#   Decrease Java thread stack sizes (-Xss)
#   Set larger code cache with -XX:ReservedCodeCacheSize=
#   JVM is running with Zero Based Compressed Oops mode in which the Java heap is
#     placed in the first 32GB address space. The Java Heap base address is the
#     maximum limit for the native heap growth. Please use -XX:HeapBaseMinAddress
#     to set the Java Heap base and to place the Java Heap above 32GB virtual address.
# This output file may be truncated or incomplete.
#
#  Out of Memory Error (os_windows.cpp:3631), pid=25516, tid=9804
#
# JRE version:  (22.0+36) (build )
# Java VM: Java HotSpot(TM) 64-Bit Server VM (22+36-2370, mixed mode, sharing, tiered, compressed oops, compressed class ptrs, g1 gc, windows-amd64)
# No core dump will be written. Minidumps are not enabled by default on client versions of Windows
#

---------------  S U M M A R Y ------------

Command Line: -Dfile.encoding=UTF-8 --module-path=C:\Users\Dell\Desktop\New folder (2)\Hotel Management System\build\classes hotel.management.system.addEmployee

Host: 12th Gen Intel(R) Core(TM) i5-12500H, 16 cores, 15G,  Windows 11 , 64 bit Build 22621 (10.0.22621.3235)
Time: Tue Apr  9 20:44:31 2024 India Standard Time elapsed time: 0.023196 seconds (0d 0h 0m 0s)

---------------  T H R E A D  ---------------

Current thread (0x000001e438636f80):  JavaThread "Unknown thread" [_thread_in_vm, id=9804, stack(0x000000b9d2f00000,0x000000b9d3000000) (1024K)]

Stack: [0x000000b9d2f00000,0x000000b9d3000000]
Native frames: (J=compiled Java code, j=interpreted, Vv=VM code, C=native code)
V  [jvm.dll+0x6e2349]  (no source info available)
V  [jvm.dll+0x874ed3]  (no source info available)
V  [jvm.dll+0x8772fe]  (no source info available)
V  [jvm.dll+0x8779d3]  (no source info available)
V  [jvm.dll+0x27fcb6]  (no source info available)
V  [jvm.dll+0x6de9e5]  (no source info available)
V  [jvm.dll+0x6d34ea]  (no source info available)
V  [jvm.dll+0x35892a]  (no source info available)
V  [jvm.dll+0x360e56]  (no source info available)
V  [jvm.dll+0x3b3d7e]  (no source info available)
V  [jvm.dll+0x3b4028]  (no source info available)
V  [jvm.dll+0x32c4ec]  (no source info available)
V  [jvm.dll+0x32d0a8]  (no source info available)
V  [jvm.dll+0x83cd9c]  (no source info available)
V  [jvm.dll+0x3c0cc1]  (no source info available)
V  [jvm.dll+0x825d8c]  (no source info available)
V  [jvm.dll+0x45b9ee]  (no source info available)
V  [jvm.dll+0x45d871]  (no source info available)
C  [jli.dll+0x52a3]  (no source info available)
C  [ucrtbase.dll+0x29363]  (no source info available)
C  [KERNEL32.DLL+0x1257d]  (no source info available)
C  [ntdll.dll+0x5aa58]  (no source info available)


---------------  P R O C E S S  ---------------

Threads class SMR info:
_java_thread_list=0x00007ffd4890c1c8, length=0, elements={
}

Java Threads: ( => current thread )
Total: 0

Other Threads:
  0x000001e43a93dc20 WorkerThread "GC Thread#0"                     [id=28472, stack(0x000000b9d3000000,0x000000b9d3100000) (1024K)]
  0x000001e43a94fb30 ConcurrentGCThread "G1 Main Marker"            [id=24524, stack(0x000000b9d3100000,0x000000b9d3200000) (1024K)]
  0x000001e43a951fa0 WorkerThread "G1 Conc#0"                       [id=2488, stack(0x000000b9d3200000,0x000000b9d3300000) (1024K)]

[error occurred during error reporting (printing all threads), id 0xc0000005, EXCEPTION_ACCESS_VIOLATION (0xc0000005) at pc=0x00007ffd4805f2b7]
VM state: not at safepoint (not fully initialized)

VM Mutex/Monitor currently owned by a thread:  ([mutex/lock_event])
[0x00007ffd4898ccc8] Heap_lock - owner thread: 0x000001e438636f80

Heap address: 0x0000000704e00000, size: 4018 MB, Compressed Oops mode: Zero based, Oop shift amount: 3

CDS archive(s) mapped at: [0x0000000000000000-0x0000000000000000-0x0000000000000000), size 0, SharedBaseAddress: 0x0000000800000000, ArchiveRelocationMode: 1.
Narrow klass base: 0x0000000000000000, Narrow klass shift: 0, Narrow klass range: 0x0

GC Precious Log:
 CardTable entry size: 512
 Card Set container configuration: InlinePtr #cards 4 size 8 Array Of Cards #cards 16 size 48 Howl #buckets 8 coarsen threshold 3686 Howl Bitmap #cards 512 size 80 coarsen threshold 460 Card regions per heap region 1 cards per card region 4096

Heap:
 garbage-first heap   total reserved 4114432K, committed 0K, used 0K [0x0000000704e00000, 0x0000000800000000)
  region size 2048K, 0 young (0K), 0 survivors (0K)

[error occurred during error reporting (printing heap information), id 0xc0000005, EXCEPTION_ACCESS_VIOLATION (0xc0000005) at pc=0x00007ffd4845e4e9]
GC Heap History (0 events):
No events

Dll operation events (1 events):
Event: 0.007 Loaded shared library C:\Program Files\Java\jdk-22\bin\java.dll

Deoptimization events (0 events):
No events

Classes loaded (0 events):
No events

Classes unloaded (0 events):
No events

Classes redefined (0 events):
No events

Internal exceptions (0 events):
No events

ZGC Phase Switch (0 events):
No events

VM Operations (0 events):
No events

Events (0 events):
No events


Dynamic libraries:
0x00007ff737a00000 - 0x00007ff737a10000 	C:\Program Files\Java\jdk-22\bin\java.exe
0x00007ffdc70b0000 - 0x00007ffdc72c6000 	C:\Windows\SYSTEM32\ntdll.dll
0x00007ffdc5c30000 - 0x00007ffdc5cf4000 	C:\Windows\System32\KERNEL32.DLL
0x00007ffdc4a50000 - 0x00007ffdc4df6000 	C:\Windows\System32\KERNELBASE.dll
0x00007ffdc46f0000 - 0x00007ffdc4801000 	C:\Windows\System32\ucrtbase.dll
0x00007ffdb9970000 - 0x00007ffdb9987000 	C:\Program Files\Java\jdk-22\bin\jli.dll
0x00007ffdc5150000 - 0x00007ffdc5202000 	C:\Windows\System32\ADVAPI32.dll
0x00007ffdb9950000 - 0x00007ffdb996b000 	C:\Program Files\Java\jdk-22\bin\VCRUNTIME140.dll
0x00007ffdc6760000 - 0x00007ffdc6807000 	C:\Windows\System32\msvcrt.dll
0x00007ffdc6300000 - 0x00007ffdc63a8000 	C:\Windows\System32\sechost.dll
0x00007ffdc4600000 - 0x00007ffdc4628000 	C:\Windows\System32\bcrypt.dll
0x00007ffdc5f20000 - 0x00007ffdc6035000 	C:\Windows\System32\RPCRT4.dll
0x00007ffdc5910000 - 0x00007ffdc5abd000 	C:\Windows\System32\USER32.dll
0x00007ffdc4810000 - 0x00007ffdc4836000 	C:\Windows\System32\win32u.dll
0x00007ffdc61b0000 - 0x00007ffdc61d9000 	C:\Windows\System32\GDI32.dll
0x00007ffdc43f0000 - 0x00007ffdc4508000 	C:\Windows\System32\gdi32full.dll
0x00007ffda5870000 - 0x00007ffda5b03000 	C:\Windows\WinSxS\amd64_microsoft.windows.common-controls_6595b64144ccf1df_6.0.22621.3235_none_270f74e173860f98\COMCTL32.dll
0x00007ffdc4840000 - 0x00007ffdc48da000 	C:\Windows\System32\msvcp_win.dll
0x00007ffdb2240000 - 0x00007ffdb224a000 	C:\Windows\SYSTEM32\VERSION.dll
0x00007ffdc4ea0000 - 0x00007ffdc4ed1000 	C:\Windows\System32\IMM32.DLL
0x00007ffdbe2e0000 - 0x00007ffdbe2ec000 	C:\Program Files\Java\jdk-22\bin\vcruntime140_1.dll
0x00007ffda55f0000 - 0x00007ffda567e000 	C:\Program Files\Java\jdk-22\bin\msvcp140.dll
0x00007ffd47d20000 - 0x00007ffd48a68000 	C:\Program Files\Java\jdk-22\bin\server\jvm.dll
0x00007ffdc6120000 - 0x00007ffdc6191000 	C:\Windows\System32\WS2_32.dll
0x00007ffdc3250000 - 0x00007ffdc329d000 	C:\Windows\SYSTEM32\POWRPROF.dll
0x00007ffdbbdd0000 - 0x00007ffdbbe04000 	C:\Windows\SYSTEM32\WINMM.dll
0x00007ffdc3220000 - 0x00007ffdc3233000 	C:\Windows\SYSTEM32\UMPDC.dll
0x00007ffdc34f0000 - 0x00007ffdc3508000 	C:\Windows\SYSTEM32\kernel.appcore.dll
0x00007ffdbe290000 - 0x00007ffdbe29a000 	C:\Program Files\Java\jdk-22\bin\jimage.dll
0x00007ffdc1cc0000 - 0x00007ffdc1ef3000 	C:\Windows\SYSTEM32\DBGHELP.DLL
0x00007ffdc63b0000 - 0x00007ffdc6738000 	C:\Windows\System32\combase.dll
0x00007ffdc6040000 - 0x00007ffdc6117000 	C:\Windows\System32\OLEAUT32.dll
0x00007ffdbc4d0000 - 0x00007ffdbc502000 	C:\Windows\SYSTEM32\dbgcore.DLL
0x00007ffdc4580000 - 0x00007ffdc45fa000 	C:\Windows\System32\bcryptPrimitives.dll
0x00007ffdb9930000 - 0x00007ffdb994e000 	C:\Program Files\Java\jdk-22\bin\java.dll
0x00007ffdc6810000 - 0x00007ffdc706d000 	C:\Windows\System32\SHELL32.dll
0x00007ffdc5d00000 - 0x00007ffdc5e9f000 	C:\Windows\System32\ole32.dll

dbghelp: loaded successfully - version: 4.0.5 - missing functions: none
symbol engine: initialized successfully - sym options: 0x614 - pdb path: .;C:\Program Files\Java\jdk-22\bin;C:\Windows\SYSTEM32;C:\Windows\WinSxS\amd64_microsoft.windows.common-controls_6595b64144ccf1df_6.0.22621.3235_none_270f74e173860f98;C:\Program Files\Java\jdk-22\bin\server

VM Arguments:
jvm_args: -Dfile.encoding=UTF-8 --module-path=C:\Users\Dell\Desktop\New folder (2)\Hotel Management System\build\classes 
java_command: hotel.management.system.addEmployee
java_class_path (initial): C:\Users\Dell\Downloads;C:\Users\Dell\Downloads\mysql-connector-java-8.0.28.jar;C:\Users\Dell\Downloads\mysql-Connector-j-8.3.0.jar;C:\Users\Dell\Desktop\New folder (2)\Hotel Management System\build\classes
Launcher Type: SUN_STANDARD

[Global flags]
     intx CICompilerCount                          = 12                                        {product} {ergonomic}
     uint ConcGCThreads                            = 3                                         {product} {ergonomic}
     uint G1ConcRefinementThreads                  = 13                                        {product} {ergonomic}
   size_t G1HeapRegionSize                         = 2097152                                   {product} {ergonomic}
   size_t InitialHeapSize                          = 264241152                                 {product} {ergonomic}
   size_t MarkStackSize                            = 4194304                                   {product} {ergonomic}
   size_t MaxHeapSize                              = 4213178368                                {product} {ergonomic}
   size_t MinHeapDeltaBytes                        = 2097152                                   {product} {ergonomic}
   size_t MinHeapSize                              = 8388608                                   {product} {ergonomic}
    uintx NonNMethodCodeHeapSize                   = 7602480                                {pd product} {ergonomic}
    uintx NonProfiledCodeHeapSize                  = 122027880                              {pd product} {ergonomic}
    uintx ProfiledCodeHeapSize                     = 122027880                              {pd product} {ergonomic}
    uintx ReservedCodeCacheSize                    = 251658240                              {pd product} {ergonomic}
     bool SegmentedCodeCache                       = true                                      {product} {ergonomic}
   size_t SoftMaxHeapSize                          = 4213178368                             {manageable} {ergonomic}
     bool UseCompressedOops                        = true                           {product lp64_product} {ergonomic}
     bool UseG1GC                                  = true                                      {product} {ergonomic}
     bool UseLargePagesIndividualAllocation        = false                                  {pd product} {ergonomic}

Logging:
Log output configuration:
 #0: stdout all=warning uptime,level,tags foldmultilines=false
 #1: stderr all=off uptime,level,tags foldmultilines=false

Environment Variables:
PATH=C:\Program Files\Common Files\Oracle\Java\javapath;C:\Windows\system32;C:\Windows;C:\Windows\System32\Wbem;C:\Windows\System32\WindowsPowerShell\v1.0\;C:\Windows\System32\OpenSSH\;C:\Program Files\dotnet\;C:\Program Files (x86)\NVIDIA Corporation\PhysX\Common;C:\Program Files\Microsoft SQL Server\150\Tools\Binn\;C:\Program Files\Microsoft SQL Server\Client SDK\ODBC\170\Tools\Binn\;C:\Program Files\Java\jdk-22\bin;C:\Users\Dell\AppData\Local\Microsoft\WindowsApps;C:\Users\Dell\.dotnet\tools;C:\Users\Dell\AppData\Local\Programs\Microsoft VS Code\bin;C:\Program Files\Java\jdk-17\bin;;C:\Program Files\JetBrains\IntelliJ IDEA Community Edition 2024.1\bin;
USERNAME=Dell
OS=Windows_NT
PROCESSOR_IDENTIFIER=Intel64 Family 6 Model 154 Stepping 3, GenuineIntel
TMP=C:\Users\Dell\AppData\Local\Temp
TEMP=C:\Users\Dell\AppData\Local\Temp




Periodic native trim disabled

---------------  S Y S T E M  ---------------

OS:
 Windows 11 , 64 bit Build 22621 (10.0.22621.3235)
OS uptime: 3 days 2:44 hours
Hyper-V role detected

CPU: total 16 (initial active 16) (8 cores per cpu, 2 threads per core) family 6 model 154 stepping 3 microcode 0x432, cx8, cmov, fxsr, ht, mmx, 3dnowpref, sse, sse2, sse3, ssse3, sse4.1, sse4.2, popcnt, lzcnt, tsc, tscinvbit, avx, avx2, aes, erms, clmul, bmi1, bmi2, adx, sha, fma, vzeroupper, clflush, clflushopt, clwb, hv, serialize, rdtscp, rdpid, fsrm, f16c, cet_ibt, cet_ss
Processor Information for processor 0
  Max Mhz: 2500, Current Mhz: 2500, Mhz Limit: 2500
Processor Information for processor 1
  Max Mhz: 2500, Current Mhz: 2500, Mhz Limit: 2500
Processor Information for processor 2
  Max Mhz: 2500, Current Mhz: 2500, Mhz Limit: 2500
Processor Information for processor 3
  Max Mhz: 2500, Current Mhz: 2500, Mhz Limit: 2500
Processor Information for processor 4
  Max Mhz: 2500, Current Mhz: 2500, Mhz Limit: 2500
Processor Information for processor 5
  Max Mhz: 2500, Current Mhz: 2500, Mhz Limit: 2500
Processor Information for processor 6
  Max Mhz: 2500, Current Mhz: 2500, Mhz Limit: 2500
Processor Information for processor 7
  Max Mhz: 2500, Current Mhz: 2500, Mhz Limit: 2500
Processor Information for processor 8
  Max Mhz: 2500, Current Mhz: 1500, Mhz Limit: 1800
Processor Information for processor 9
  Max Mhz: 2500, Current Mhz: 1500, Mhz Limit: 1800
Processor Information for processor 10
  Max Mhz: 2500, Current Mhz: 1500, Mhz Limit: 1800
Processor Information for processor 11
  Max Mhz: 2500, Current Mhz: 1500, Mhz Limit: 1800
Processor Information for processor 12
  Max Mhz: 2500, Current Mhz: 1500, Mhz Limit: 1800
Processor Information for processor 13
  Max Mhz: 2500, Current Mhz: 1500, Mhz Limit: 1800
Processor Information for processor 14
  Max Mhz: 2500, Current Mhz: 1500, Mhz Limit: 1800
Processor Information for processor 15
  Max Mhz: 2500, Current Mhz: 1800, Mhz Limit: 1800

Memory: 4k page, system-wide physical 16068M (2883M free)
TotalPageFile size 26324M (AvailPageFile size 250M)
current process WorkingSet (physical memory assigned to process): 12M, peak: 12M
current process commit charge ("private bytes"): 71M, peak: 323M

vm_info: Java HotSpot(TM) 64-Bit Server VM (22+36-2370) for windows-amd64 JRE (22+36-2370), built on 2024-02-15T22:15:19Z by "mach5one" with MS VC++ 17.6 (VS2022)

END.
